<?xml version="1.0" encoding="UTF-8"?>
<testsuite name="org.acme.PetResourceTest" tests="2" skipped="0" failures="0" errors="0" timestamp="2021-11-19T17:43:26" hostname="LAPTOP-QEDKKDC2" time="1.742">
  <properties/>
  <testcase name="testPetEndpoint()" classname="org.acme.PetResourceTest" time="1.659"/>
  <testcase name="testDeletePet()" classname="org.acme.PetResourceTest" time="0.081"/>
  <system-out><![CDATA[]]></system-out>
  <system-err><![CDATA[Nov 19, 2021 11:13:23 PM org.jboss.threads.Version <clinit>
INFO: JBoss Threads version 3.1.1.Final
Nov 19, 2021 11:13:25 PM org.jboss.resteasy.core.ResteasyDeploymentImpl processApplication
INFO: RESTEASY002225: Deploying javax.ws.rs.core.Application: class com.example.petstore.PetstoreRestApplication
Nov 19, 2021 11:13:25 PM org.jboss.threads.Version <clinit>
INFO: JBoss Threads version 3.1.1.Final
Nov 19, 2021 11:13:26 PM io.quarkus.bootstrap.runner.Timing printStartupTime
INFO: Quarkus 1.7.6.Final on JVM started in 3.679s. Listening on: http://0.0.0.0:8081
Nov 19, 2021 11:13:26 PM io.quarkus.bootstrap.runner.Timing printStartupTime
INFO: Profile test activated. 
Nov 19, 2021 11:13:26 PM io.quarkus.bootstrap.runner.Timing printStartupTime
INFO: Installed features: [cdi, jaeger, mutiny, rest-client, resteasy, resteasy-jsonb, security, smallrye-context-propagation, smallrye-fault-tolerance, smallrye-health, smallrye-jwt, smallrye-metrics, smallrye-openapi, smallrye-opentracing, swagger-ui, vertx, vertx-web]
]]></system-err>
</testsuite>
